Turning on Fslib.pm compatibility mode; deprecated Fslib classes will be created by default.
Hint: Set env NO_FS_CLASSES=1 or avoid calling 'require Fslib' at /a/merkur2/ufallabhome/bilek/tectomt/share/tred/tredlib/libs/fslib/Fslib.pm line 0
start
Datumu je 361
Num 0
nacitani v do_for_all
hotovo nacitani v do_for_all
jdu spustit subref v do_for_all
hotovo, jdu ukladat tamtez
hotovo ukladani, lezu z do_for_all
Num 1
nacitani v do_for_all
hotovo nacitani v do_for_all
jdu spustit subref v do_for_all
hotovo, jdu ukladat tamtez
hotovo ukladani, lezu z do_for_all
Num 2
nacitani v do_for_all
hotovo nacitani v do_for_all
jdu spustit subref v do_for_all
hotovo, jdu ukladat tamtez
hotovo ukladani, lezu z do_for_all
Num 3
nacitani v do_for_all
hotovo nacitani v do_for_all
jdu spustit subref v do_for_all
hotovo, jdu ukladat tamtez
hotovo ukladani, lezu z do_for_all
Num 4
nacitani v do_for_all
hotovo nacitani v do_for_all
jdu spustit subref v do_for_all
hotovo, jdu ukladat tamtez
hotovo ukladani, lezu z do_for_all
Num 5
nacitani v do_for_all
hotovo nacitani v do_for_all
jdu spustit subref v do_for_all
hotovo, jdu ukladat tamtez
hotovo ukladani, lezu z do_for_all
Num 6
nacitani v do_for_all
hotovo nacitani v do_for_all
jdu spustit subref v do_for_all
hotovo, jdu ukladat tamtez
hotovo ukladani, lezu z do_for_all
Num 7
nacitani v do_for_all
hotovo nacitani v do_for_all
jdu spustit subref v do_for_all
hotovo, jdu ukladat tamtez
hotovo ukladani, lezu z do_for_all
Num 8
nacitani v do_for_all
hotovo nacitani v do_for_all
jdu spustit subref v do_for_all
hotovo, jdu ukladat tamtez
hotovo ukladani, lezu z do_for_all
Num 9
nacitani v do_for_all
hotovo nacitani v do_for_all
jdu spustit subref v do_for_all
hotovo, jdu ukladat tamtez
hotovo ukladani, lezu z do_for_all
Num 10
nacitani v do_for_all
hotovo nacitani v do_for_all
jdu spustit subref v do_for_all
hotovo, jdu ukladat tamtez
hotovo ukladani, lezu z do_for_all
Num 11
nacitani v do_for_all
hotovo nacitani v do_for_all
jdu spustit subref v do_for_all
hotovo, jdu ukladat tamtez
hotovo ukladani, lezu z do_for_all
Num 12
nacitani v do_for_all
hotovo nacitani v do_for_all
jdu spustit subref v do_for_all
hotovo, jdu ukladat tamtez
hotovo ukladani, lezu z do_for_all
Num 13
nacitani v do_for_all
hotovo nacitani v do_for_all
jdu spustit subref v do_for_all
hotovo, jdu ukladat tamtez
hotovo ukladani, lezu z do_for_all
Num 14
nacitani v do_for_all
hotovo nacitani v do_for_all
jdu spustit subref v do_for_all
hotovo, jdu ukladat tamtez
hotovo ukladani, lezu z do_for_all
Num 15
nacitani v do_for_all
hotovo nacitani v do_for_all
jdu spustit subref v do_for_all
hotovo, jdu ukladat tamtez
hotovo ukladani, lezu z do_for_all
Num 16
nacitani v do_for_all
hotovo nacitani v do_for_all
jdu spustit subref v do_for_all
hotovo, jdu ukladat tamtez
hotovo ukladani, lezu z do_for_all
Num 17
nacitani v do_for_all
hotovo nacitani v do_for_all
jdu spustit subref v do_for_all
hotovo, jdu ukladat tamtez
hotovo ukladani, lezu z do_for_all
Num 18
nacitani v do_for_all
hotovo nacitani v do_for_all
jdu spustit subref v do_for_all
hotovo, jdu ukladat tamtez
hotovo ukladani, lezu z do_for_all
Num 19
nacitani v do_for_all
hotovo nacitani v do_for_all
jdu spustit subref v do_for_all
hotovo, jdu ukladat tamtez
hotovo ukladani, lezu z do_for_all
Num 20
nacitani v do_for_all
hotovo nacitani v do_for_all
jdu spustit subref v do_for_all
hotovo, jdu ukladat tamtez
hotovo ukladani, lezu z do_for_all
Num 21
nacitani v do_for_all
hotovo nacitani v do_for_all
jdu spustit subref v do_for_all
hotovo, jdu ukladat tamtez
hotovo ukladani, lezu z do_for_all
Num 22
nacitani v do_for_all
hotovo nacitani v do_for_all
jdu spustit subref v do_for_all
hotovo, jdu ukladat tamtez
hotovo ukladani, lezu z do_for_all
Num 23
nacitani v do_for_all
hotovo nacitani v do_for_all
jdu spustit subref v do_for_all
hotovo, jdu ukladat tamtez
hotovo ukladani, lezu z do_for_all
Num 24
nacitani v do_for_all
hotovo nacitani v do_for_all
jdu spustit subref v do_for_all
hotovo, jdu ukladat tamtez
hotovo ukladani, lezu z do_for_all
Num 25
nacitani v do_for_all
hotovo nacitani v do_for_all
jdu spustit subref v do_for_all
hotovo, jdu ukladat tamtez
hotovo ukladani, lezu z do_for_all
Num 26
nacitani v do_for_all
hotovo nacitani v do_for_all
jdu spustit subref v do_for_all
hotovo, jdu ukladat tamtez
hotovo ukladani, lezu z do_for_all
Num 27
nacitani v do_for_all
hotovo nacitani v do_for_all
jdu spustit subref v do_for_all
hotovo, jdu ukladat tamtez
hotovo ukladani, lezu z do_for_all
Num 28
nacitani v do_for_all
hotovo nacitani v do_for_all
jdu spustit subref v do_for_all
hotovo, jdu ukladat tamtez
hotovo ukladani, lezu z do_for_all
Num 29
nacitani v do_for_all
hotovo nacitani v do_for_all
jdu spustit subref v do_for_all
hotovo, jdu ukladat tamtez
hotovo ukladani, lezu z do_for_all
Num 30
nacitani v do_for_all
hotovo nacitani v do_for_all
jdu spustit subref v do_for_all
hotovo, jdu ukladat tamtez
hotovo ukladani, lezu z do_for_all
Num 31
nacitani v do_for_all
hotovo nacitani v do_for_all
jdu spustit subref v do_for_all
hotovo, jdu ukladat tamtez
hotovo ukladani, lezu z do_for_all
Num 32
nacitani v do_for_all
hotovo nacitani v do_for_all
jdu spustit subref v do_for_all
hotovo, jdu ukladat tamtez
hotovo ukladani, lezu z do_for_all
Num 33
nacitani v do_for_all
hotovo nacitani v do_for_all
jdu spustit subref v do_for_all
hotovo, jdu ukladat tamtez
hotovo ukladani, lezu z do_for_all
Num 34
nacitani v do_for_all
hotovo nacitani v do_for_all
jdu spustit subref v do_for_all
hotovo, jdu ukladat tamtez
hotovo ukladani, lezu z do_for_all
Num 35
nacitani v do_for_all
hotovo nacitani v do_for_all
jdu spustit subref v do_for_all
hotovo, jdu ukladat tamtez
hotovo ukladani, lezu z do_for_all
Num 36
nacitani v do_for_all
hotovo nacitani v do_for_all
jdu spustit subref v do_for_all
hotovo, jdu ukladat tamtez
hotovo ukladani, lezu z do_for_all
Num 37
nacitani v do_for_all
hotovo nacitani v do_for_all
jdu spustit subref v do_for_all
hotovo, jdu ukladat tamtez
hotovo ukladani, lezu z do_for_all
Num 38
nacitani v do_for_all
hotovo nacitani v do_for_all
jdu spustit subref v do_for_all
hotovo, jdu ukladat tamtez
hotovo ukladani, lezu z do_for_all
Num 39
nacitani v do_for_all
hotovo nacitani v do_for_all
jdu spustit subref v do_for_all
hotovo, jdu ukladat tamtez
hotovo ukladani, lezu z do_for_all
Num 40
nacitani v do_for_all
hotovo nacitani v do_for_all
jdu spustit subref v do_for_all
hotovo, jdu ukladat tamtez
hotovo ukladani, lezu z do_for_all
Num 41
nacitani v do_for_all
hotovo nacitani v do_for_all
jdu spustit subref v do_for_all
hotovo, jdu ukladat tamtez
hotovo ukladani, lezu z do_for_all
Num 42
nacitani v do_for_all
hotovo nacitani v do_for_all
jdu spustit subref v do_for_all
hotovo, jdu ukladat tamtez
hotovo ukladani, lezu z do_for_all
Num 43
nacitani v do_for_all
hotovo nacitani v do_for_all
jdu spustit subref v do_for_all
hotovo, jdu ukladat tamtez
hotovo ukladani, lezu z do_for_all
Num 44
nacitani v do_for_all
hotovo nacitani v do_for_all
jdu spustit subref v do_for_all
hotovo, jdu ukladat tamtez
hotovo ukladani, lezu z do_for_all
Num 45
nacitani v do_for_all
hotovo nacitani v do_for_all
jdu spustit subref v do_for_all
hotovo, jdu ukladat tamtez
hotovo ukladani, lezu z do_for_all
Num 46
nacitani v do_for_all
hotovo nacitani v do_for_all
jdu spustit subref v do_for_all
hotovo, jdu ukladat tamtez
hotovo ukladani, lezu z do_for_all
Num 47
nacitani v do_for_all
hotovo nacitani v do_for_all
jdu spustit subref v do_for_all
hotovo, jdu ukladat tamtez
hotovo ukladani, lezu z do_for_all
Num 48
nacitani v do_for_all
hotovo nacitani v do_for_all
jdu spustit subref v do_for_all
hotovo, jdu ukladat tamtez
hotovo ukladani, lezu z do_for_all
Num 49
nacitani v do_for_all
hotovo nacitani v do_for_all
jdu spustit subref v do_for_all
hotovo, jdu ukladat tamtez
hotovo ukladani, lezu z do_for_all
Num 50
nacitani v do_for_all
hotovo nacitani v do_for_all
jdu spustit subref v do_for_all
hotovo, jdu ukladat tamtez
hotovo ukladani, lezu z do_for_all
Num 51
nacitani v do_for_all
hotovo nacitani v do_for_all
jdu spustit subref v do_for_all
hotovo, jdu ukladat tamtez
hotovo ukladani, lezu z do_for_all
Num 52
nacitani v do_for_all
hotovo nacitani v do_for_all
jdu spustit subref v do_for_all
hotovo, jdu ukladat tamtez
hotovo ukladani, lezu z do_for_all
Num 53
nacitani v do_for_all
hotovo nacitani v do_for_all
jdu spustit subref v do_for_all
hotovo, jdu ukladat tamtez
hotovo ukladani, lezu z do_for_all
Num 54
nacitani v do_for_all
hotovo nacitani v do_for_all
jdu spustit subref v do_for_all
hotovo, jdu ukladat tamtez
hotovo ukladani, lezu z do_for_all
Num 55
nacitani v do_for_all
hotovo nacitani v do_for_all
jdu spustit subref v do_for_all
hotovo, jdu ukladat tamtez
hotovo ukladani, lezu z do_for_all
Num 56
nacitani v do_for_all
hotovo nacitani v do_for_all
jdu spustit subref v do_for_all
hotovo, jdu ukladat tamtez
hotovo ukladani, lezu z do_for_all
Num 57
nacitani v do_for_all
hotovo nacitani v do_for_all
jdu spustit subref v do_for_all
hotovo, jdu ukladat tamtez
hotovo ukladani, lezu z do_for_all
Num 58
nacitani v do_for_all
hotovo nacitani v do_for_all
jdu spustit subref v do_for_all
hotovo, jdu ukladat tamtez
hotovo ukladani, lezu z do_for_all
Num 59
nacitani v do_for_all
hotovo nacitani v do_for_all
jdu spustit subref v do_for_all
hotovo, jdu ukladat tamtez
hotovo ukladani, lezu z do_for_all
Num 60
nacitani v do_for_all
hotovo nacitani v do_for_all
jdu spustit subref v do_for_all
hotovo, jdu ukladat tamtez
hotovo ukladani, lezu z do_for_all
Num 61
nacitani v do_for_all
hotovo nacitani v do_for_all
jdu spustit subref v do_for_all
hotovo, jdu ukladat tamtez
hotovo ukladani, lezu z do_for_all
Num 62
nacitani v do_for_all
hotovo nacitani v do_for_all
jdu spustit subref v do_for_all
hotovo, jdu ukladat tamtez
hotovo ukladani, lezu z do_for_all
Num 63
nacitani v do_for_all
hotovo nacitani v do_for_all
jdu spustit subref v do_for_all
hotovo, jdu ukladat tamtez
hotovo ukladani, lezu z do_for_all
Num 64
nacitani v do_for_all
hotovo nacitani v do_for_all
jdu spustit subref v do_for_all
hotovo, jdu ukladat tamtez
hotovo ukladani, lezu z do_for_all
Num 65
nacitani v do_for_all
hotovo nacitani v do_for_all
jdu spustit subref v do_for_all
hotovo, jdu ukladat tamtez
hotovo ukladani, lezu z do_for_all
Num 66
nacitani v do_for_all
hotovo nacitani v do_for_all
jdu spustit subref v do_for_all
hotovo, jdu ukladat tamtez
hotovo ukladani, lezu z do_for_all
Num 67
nacitani v do_for_all
hotovo nacitani v do_for_all
jdu spustit subref v do_for_all
hotovo, jdu ukladat tamtez
hotovo ukladani, lezu z do_for_all
Num 68
nacitani v do_for_all
hotovo nacitani v do_for_all
jdu spustit subref v do_for_all
hotovo, jdu ukladat tamtez
hotovo ukladani, lezu z do_for_all
Num 69
nacitani v do_for_all
hotovo nacitani v do_for_all
jdu spustit subref v do_for_all
hotovo, jdu ukladat tamtez
hotovo ukladani, lezu z do_for_all
Num 70
nacitani v do_for_all
hotovo nacitani v do_for_all
jdu spustit subref v do_for_all
hotovo, jdu ukladat tamtez
hotovo ukladani, lezu z do_for_all
Num 71
nacitani v do_for_all
hotovo nacitani v do_for_all
jdu spustit subref v do_for_all
hotovo, jdu ukladat tamtez
hotovo ukladani, lezu z do_for_all
Num 72
nacitani v do_for_all
hotovo nacitani v do_for_all
jdu spustit subref v do_for_all
hotovo, jdu ukladat tamtez
hotovo ukladani, lezu z do_for_all
Num 73
nacitani v do_for_all
hotovo nacitani v do_for_all
jdu spustit subref v do_for_all
hotovo, jdu ukladat tamtez
hotovo ukladani, lezu z do_for_all
Num 74
nacitani v do_for_all
hotovo nacitani v do_for_all
jdu spustit subref v do_for_all
hotovo, jdu ukladat tamtez
hotovo ukladani, lezu z do_for_all
Num 75
nacitani v do_for_all
hotovo nacitani v do_for_all
jdu spustit subref v do_for_all
hotovo, jdu ukladat tamtez
hotovo ukladani, lezu z do_for_all
Num 76
nacitani v do_for_all
hotovo nacitani v do_for_all
jdu spustit subref v do_for_all
hotovo, jdu ukladat tamtez
hotovo ukladani, lezu z do_for_all
Num 77
nacitani v do_for_all
hotovo nacitani v do_for_all
jdu spustit subref v do_for_all
hotovo, jdu ukladat tamtez
hotovo ukladani, lezu z do_for_all
Num 78
nacitani v do_for_all
hotovo nacitani v do_for_all
jdu spustit subref v do_for_all
hotovo, jdu ukladat tamtez
hotovo ukladani, lezu z do_for_all
Num 79
nacitani v do_for_all
hotovo nacitani v do_for_all
jdu spustit subref v do_for_all
hotovo, jdu ukladat tamtez
hotovo ukladani, lezu z do_for_all
Num 80
nacitani v do_for_all
hotovo nacitani v do_for_all
jdu spustit subref v do_for_all
hotovo, jdu ukladat tamtez
hotovo ukladani, lezu z do_for_all
Num 81
nacitani v do_for_all
hotovo nacitani v do_for_all
jdu spustit subref v do_for_all
hotovo, jdu ukladat tamtez
hotovo ukladani, lezu z do_for_all
Num 82
nacitani v do_for_all
hotovo nacitani v do_for_all
jdu spustit subref v do_for_all
hotovo, jdu ukladat tamtez
hotovo ukladani, lezu z do_for_all
Num 83
nacitani v do_for_all
hotovo nacitani v do_for_all
jdu spustit subref v do_for_all
hotovo, jdu ukladat tamtez
hotovo ukladani, lezu z do_for_all
Num 84
nacitani v do_for_all
hotovo nacitani v do_for_all
jdu spustit subref v do_for_all
hotovo, jdu ukladat tamtez
hotovo ukladani, lezu z do_for_all
Num 85
nacitani v do_for_all
hotovo nacitani v do_for_all
jdu spustit subref v do_for_all
hotovo, jdu ukladat tamtez
hotovo ukladani, lezu z do_for_all
Num 86
nacitani v do_for_all
hotovo nacitani v do_for_all
jdu spustit subref v do_for_all
hotovo, jdu ukladat tamtez
hotovo ukladani, lezu z do_for_all
Num 87
nacitani v do_for_all
hotovo nacitani v do_for_all
jdu spustit subref v do_for_all
hotovo, jdu ukladat tamtez
hotovo ukladani, lezu z do_for_all
Num 88
nacitani v do_for_all
hotovo nacitani v do_for_all
jdu spustit subref v do_for_all
hotovo, jdu ukladat tamtez
hotovo ukladani, lezu z do_for_all
Num 89
nacitani v do_for_all
hotovo nacitani v do_for_all
jdu spustit subref v do_for_all
hotovo, jdu ukladat tamtez
hotovo ukladani, lezu z do_for_all
Num 90
nacitani v do_for_all
hotovo nacitani v do_for_all
jdu spustit subref v do_for_all
hotovo, jdu ukladat tamtez
hotovo ukladani, lezu z do_for_all
Num 91
nacitani v do_for_all
hotovo nacitani v do_for_all
jdu spustit subref v do_for_all
hotovo, jdu ukladat tamtez
hotovo ukladani, lezu z do_for_all
Num 92
nacitani v do_for_all
hotovo nacitani v do_for_all
jdu spustit subref v do_for_all
hotovo, jdu ukladat tamtez
hotovo ukladani, lezu z do_for_all
Num 93
nacitani v do_for_all
hotovo nacitani v do_for_all
jdu spustit subref v do_for_all
hotovo, jdu ukladat tamtez
hotovo ukladani, lezu z do_for_all
Num 94
nacitani v do_for_all
hotovo nacitani v do_for_all
jdu spustit subref v do_for_all
hotovo, jdu ukladat tamtez
hotovo ukladani, lezu z do_for_all
Num 95
nacitani v do_for_all
hotovo nacitani v do_for_all
jdu spustit subref v do_for_all
hotovo, jdu ukladat tamtez
hotovo ukladani, lezu z do_for_all
Num 96
nacitani v do_for_all
hotovo nacitani v do_for_all
jdu spustit subref v do_for_all
hotovo, jdu ukladat tamtez
hotovo ukladani, lezu z do_for_all
Num 97
nacitani v do_for_all
hotovo nacitani v do_for_all
jdu spustit subref v do_for_all
hotovo, jdu ukladat tamtez
hotovo ukladani, lezu z do_for_all
Num 98
nacitani v do_for_all
hotovo nacitani v do_for_all
jdu spustit subref v do_for_all
hotovo, jdu ukladat tamtez
hotovo ukladani, lezu z do_for_all
Num 99
nacitani v do_for_all
hotovo nacitani v do_for_all
jdu spustit subref v do_for_all
hotovo, jdu ukladat tamtez
hotovo ukladani, lezu z do_for_all
Num 100
nacitani v do_for_all
hotovo nacitani v do_for_all
jdu spustit subref v do_for_all
hotovo, jdu ukladat tamtez
hotovo ukladani, lezu z do_for_all
Num 101
nacitani v do_for_all
hotovo nacitani v do_for_all
jdu spustit subref v do_for_all
hotovo, jdu ukladat tamtez
hotovo ukladani, lezu z do_for_all
Num 102
nacitani v do_for_all
hotovo nacitani v do_for_all
jdu spustit subref v do_for_all
hotovo, jdu ukladat tamtez
hotovo ukladani, lezu z do_for_all
Num 103
nacitani v do_for_all
hotovo nacitani v do_for_all
jdu spustit subref v do_for_all
hotovo, jdu ukladat tamtez
hotovo ukladani, lezu z do_for_all
Num 104
nacitani v do_for_all
hotovo nacitani v do_for_all
jdu spustit subref v do_for_all
hotovo, jdu ukladat tamtez
hotovo ukladani, lezu z do_for_all
Num 105
nacitani v do_for_all
hotovo nacitani v do_for_all
jdu spustit subref v do_for_all
hotovo, jdu ukladat tamtez
hotovo ukladani, lezu z do_for_all
Num 106
nacitani v do_for_all
hotovo nacitani v do_for_all
jdu spustit subref v do_for_all
hotovo, jdu ukladat tamtez
hotovo ukladani, lezu z do_for_all
Num 107
nacitani v do_for_all
hotovo nacitani v do_for_all
jdu spustit subref v do_for_all
hotovo, jdu ukladat tamtez
hotovo ukladani, lezu z do_for_all
Num 108
nacitani v do_for_all
hotovo nacitani v do_for_all
jdu spustit subref v do_for_all
hotovo, jdu ukladat tamtez
hotovo ukladani, lezu z do_for_all
Num 109
nacitani v do_for_all
hotovo nacitani v do_for_all
jdu spustit subref v do_for_all
hotovo, jdu ukladat tamtez
hotovo ukladani, lezu z do_for_all
Num 110
nacitani v do_for_all
hotovo nacitani v do_for_all
jdu spustit subref v do_for_all
hotovo, jdu ukladat tamtez
hotovo ukladani, lezu z do_for_all
Num 111
nacitani v do_for_all
hotovo nacitani v do_for_all
jdu spustit subref v do_for_all
hotovo, jdu ukladat tamtez
hotovo ukladani, lezu z do_for_all
Num 112
nacitani v do_for_all
hotovo nacitani v do_for_all
jdu spustit subref v do_for_all
hotovo, jdu ukladat tamtez
hotovo ukladani, lezu z do_for_all
Num 113
nacitani v do_for_all
hotovo nacitani v do_for_all
jdu spustit subref v do_for_all
hotovo, jdu ukladat tamtez
hotovo ukladani, lezu z do_for_all
Num 114
nacitani v do_for_all
hotovo nacitani v do_for_all
jdu spustit subref v do_for_all
hotovo, jdu ukladat tamtez
hotovo ukladani, lezu z do_for_all
Num 115
nacitani v do_for_all
hotovo nacitani v do_for_all
jdu spustit subref v do_for_all
hotovo, jdu ukladat tamtez
hotovo ukladani, lezu z do_for_all
Num 116
nacitani v do_for_all
hotovo nacitani v do_for_all
jdu spustit subref v do_for_all
hotovo, jdu ukladat tamtez
hotovo ukladani, lezu z do_for_all
Num 117
nacitani v do_for_all
hotovo nacitani v do_for_all
jdu spustit subref v do_for_all
hotovo, jdu ukladat tamtez
hotovo ukladani, lezu z do_for_all
Num 118
nacitani v do_for_all
hotovo nacitani v do_for_all
jdu spustit subref v do_for_all
hotovo, jdu ukladat tamtez
hotovo ukladani, lezu z do_for_all
Num 119
nacitani v do_for_all
hotovo nacitani v do_for_all
jdu spustit subref v do_for_all
hotovo, jdu ukladat tamtez
hotovo ukladani, lezu z do_for_all
Num 120
nacitani v do_for_all
hotovo nacitani v do_for_all
jdu spustit subref v do_for_all
hotovo, jdu ukladat tamtez
hotovo ukladani, lezu z do_for_all
Num 121
nacitani v do_for_all
hotovo nacitani v do_for_all
jdu spustit subref v do_for_all
hotovo, jdu ukladat tamtez
hotovo ukladani, lezu z do_for_all
Num 122
nacitani v do_for_all
hotovo nacitani v do_for_all
jdu spustit subref v do_for_all
hotovo, jdu ukladat tamtez
hotovo ukladani, lezu z do_for_all
Num 123
nacitani v do_for_all
hotovo nacitani v do_for_all
jdu spustit subref v do_for_all
hotovo, jdu ukladat tamtez
hotovo ukladani, lezu z do_for_all
Num 124
nacitani v do_for_all
hotovo nacitani v do_for_all
jdu spustit subref v do_for_all
hotovo, jdu ukladat tamtez
hotovo ukladani, lezu z do_for_all
Num 125
nacitani v do_for_all
hotovo nacitani v do_for_all
jdu spustit subref v do_for_all
hotovo, jdu ukladat tamtez
hotovo ukladani, lezu z do_for_all
Num 126
nacitani v do_for_all
hotovo nacitani v do_for_all
jdu spustit subref v do_for_all
hotovo, jdu ukladat tamtez
hotovo ukladani, lezu z do_for_all
Num 127
nacitani v do_for_all
hotovo nacitani v do_for_all
jdu spustit subref v do_for_all
hotovo, jdu ukladat tamtez
hotovo ukladani, lezu z do_for_all
Num 128
nacitani v do_for_all
hotovo nacitani v do_for_all
jdu spustit subref v do_for_all
hotovo, jdu ukladat tamtez
hotovo ukladani, lezu z do_for_all
Num 129
nacitani v do_for_all
hotovo nacitani v do_for_all
jdu spustit subref v do_for_all
hotovo, jdu ukladat tamtez
hotovo ukladani, lezu z do_for_all
Num 130
nacitani v do_for_all
hotovo nacitani v do_for_all
jdu spustit subref v do_for_all
hotovo, jdu ukladat tamtez
hotovo ukladani, lezu z do_for_all
Num 131
nacitani v do_for_all
hotovo nacitani v do_for_all
jdu spustit subref v do_for_all
hotovo, jdu ukladat tamtez
hotovo ukladani, lezu z do_for_all
Num 132
nacitani v do_for_all
hotovo nacitani v do_for_all
jdu spustit subref v do_for_all
hotovo, jdu ukladat tamtez
hotovo ukladani, lezu z do_for_all
Num 133
nacitani v do_for_all
hotovo nacitani v do_for_all
jdu spustit subref v do_for_all
hotovo, jdu ukladat tamtez
hotovo ukladani, lezu z do_for_all
Num 134
nacitani v do_for_all
hotovo nacitani v do_for_all
jdu spustit subref v do_for_all
hotovo, jdu ukladat tamtez
hotovo ukladani, lezu z do_for_all
Num 135
nacitani v do_for_all
hotovo nacitani v do_for_all
jdu spustit subref v do_for_all
hotovo, jdu ukladat tamtez
hotovo ukladani, lezu z do_for_all
Num 136
nacitani v do_for_all
hotovo nacitani v do_for_all
jdu spustit subref v do_for_all
hotovo, jdu ukladat tamtez
hotovo ukladani, lezu z do_for_all
Num 137
nacitani v do_for_all
hotovo nacitani v do_for_all
jdu spustit subref v do_for_all
hotovo, jdu ukladat tamtez
hotovo ukladani, lezu z do_for_all
Num 138
nacitani v do_for_all
hotovo nacitani v do_for_all
jdu spustit subref v do_for_all
hotovo, jdu ukladat tamtez
hotovo ukladani, lezu z do_for_all
Num 139
nacitani v do_for_all
hotovo nacitani v do_for_all
jdu spustit subref v do_for_all
hotovo, jdu ukladat tamtez
hotovo ukladani, lezu z do_for_all
Num 140
nacitani v do_for_all
hotovo nacitani v do_for_all
jdu spustit subref v do_for_all
hotovo, jdu ukladat tamtez
hotovo ukladani, lezu z do_for_all
Num 141
nacitani v do_for_all
hotovo nacitani v do_for_all
jdu spustit subref v do_for_all
hotovo, jdu ukladat tamtez
hotovo ukladani, lezu z do_for_all
Num 142
nacitani v do_for_all
hotovo nacitani v do_for_all
jdu spustit subref v do_for_all
hotovo, jdu ukladat tamtez
hotovo ukladani, lezu z do_for_all
Num 143
nacitani v do_for_all
hotovo nacitani v do_for_all
jdu spustit subref v do_for_all
hotovo, jdu ukladat tamtez
hotovo ukladani, lezu z do_for_all
Num 144
nacitani v do_for_all
hotovo nacitani v do_for_all
jdu spustit subref v do_for_all
hotovo, jdu ukladat tamtez
hotovo ukladani, lezu z do_for_all
Num 145
nacitani v do_for_all
hotovo nacitani v do_for_all
jdu spustit subref v do_for_all
hotovo, jdu ukladat tamtez
hotovo ukladani, lezu z do_for_all
Num 146
nacitani v do_for_all
hotovo nacitani v do_for_all
jdu spustit subref v do_for_all
hotovo, jdu ukladat tamtez
hotovo ukladani, lezu z do_for_all
Num 147
nacitani v do_for_all
hotovo nacitani v do_for_all
jdu spustit subref v do_for_all
hotovo, jdu ukladat tamtez
hotovo ukladani, lezu z do_for_all
Num 148
nacitani v do_for_all
hotovo nacitani v do_for_all
jdu spustit subref v do_for_all
hotovo, jdu ukladat tamtez
hotovo ukladani, lezu z do_for_all
Num 149
nacitani v do_for_all
hotovo nacitani v do_for_all
jdu spustit subref v do_for_all
hotovo, jdu ukladat tamtez
hotovo ukladani, lezu z do_for_all
Num 150
nacitani v do_for_all
hotovo nacitani v do_for_all
jdu spustit subref v do_for_all
hotovo, jdu ukladat tamtez
hotovo ukladani, lezu z do_for_all
Num 151
nacitani v do_for_all
hotovo nacitani v do_for_all
jdu spustit subref v do_for_all
hotovo, jdu ukladat tamtez
hotovo ukladani, lezu z do_for_all
Num 152
nacitani v do_for_all
hotovo nacitani v do_for_all
jdu spustit subref v do_for_all
hotovo, jdu ukladat tamtez
hotovo ukladani, lezu z do_for_all
Num 153
nacitani v do_for_all
hotovo nacitani v do_for_all
jdu spustit subref v do_for_all
hotovo, jdu ukladat tamtez
hotovo ukladani, lezu z do_for_all
Num 154
nacitani v do_for_all
hotovo nacitani v do_for_all
jdu spustit subref v do_for_all
hotovo, jdu ukladat tamtez
hotovo ukladani, lezu z do_for_all
Num 155
nacitani v do_for_all
hotovo nacitani v do_for_all
jdu spustit subref v do_for_all
hotovo, jdu ukladat tamtez
hotovo ukladani, lezu z do_for_all
Num 156
nacitani v do_for_all
hotovo nacitani v do_for_all
jdu spustit subref v do_for_all
hotovo, jdu ukladat tamtez
hotovo ukladani, lezu z do_for_all
Num 157
nacitani v do_for_all
hotovo nacitani v do_for_all
jdu spustit subref v do_for_all
hotovo, jdu ukladat tamtez
hotovo ukladani, lezu z do_for_all
Num 0
nacitani v do_for_all
hotovo nacitani v do_for_all
jdu spustit subref v do_for_all
hotovo, jdu ukladat tamtez
hotovo ukladani, lezu z do_for_all
Num 1
nacitani v do_for_all
hotovo nacitani v do_for_all
jdu spustit subref v do_for_all
hotovo, jdu ukladat tamtez
hotovo ukladani, lezu z do_for_all
Num 2
nacitani v do_for_all
hotovo nacitani v do_for_all
jdu spustit subref v do_for_all
hotovo, jdu ukladat tamtez
hotovo ukladani, lezu z do_for_all
Num 3
nacitani v do_for_all
hotovo nacitani v do_for_all
jdu spustit subref v do_for_all
hotovo, jdu ukladat tamtez
hotovo ukladani, lezu z do_for_all
Num 4
nacitani v do_for_all
hotovo nacitani v do_for_all
jdu spustit subref v do_for_all
hotovo, jdu ukladat tamtez
hotovo ukladani, lezu z do_for_all
Num 5
nacitani v do_for_all
hotovo nacitani v do_for_all
jdu spustit subref v do_for_all
hotovo, jdu ukladat tamtez
hotovo ukladani, lezu z do_for_all
Num 6
nacitani v do_for_all
hotovo nacitani v do_for_all
jdu spustit subref v do_for_all
hotovo, jdu ukladat tamtez
hotovo ukladani, lezu z do_for_all
Num 7
nacitani v do_for_all
hotovo nacitani v do_for_all
jdu spustit subref v do_for_all
hotovo, jdu ukladat tamtez
hotovo ukladani, lezu z do_for_all
Num 8
nacitani v do_for_all
hotovo nacitani v do_for_all
jdu spustit subref v do_for_all
hotovo, jdu ukladat tamtez
hotovo ukladani, lezu z do_for_all
Num 9
nacitani v do_for_all
hotovo nacitani v do_for_all
jdu spustit subref v do_for_all
hotovo, jdu ukladat tamtez
hotovo ukladani, lezu z do_for_all
Num 10
nacitani v do_for_all
hotovo nacitani v do_for_all
jdu spustit subref v do_for_all
hotovo, jdu ukladat tamtez
hotovo ukladani, lezu z do_for_all
Num 11
nacitani v do_for_all
hotovo nacitani v do_for_all
jdu spustit subref v do_for_all
hotovo, jdu ukladat tamtez
hotovo ukladani, lezu z do_for_all
Num 12
nacitani v do_for_all
hotovo nacitani v do_for_all
jdu spustit subref v do_for_all
hotovo, jdu ukladat tamtez
hotovo ukladani, lezu z do_for_all
Num 13
nacitani v do_for_all
hotovo nacitani v do_for_all
jdu spustit subref v do_for_all
hotovo, jdu ukladat tamtez
hotovo ukladani, lezu z do_for_all
Num 14
nacitani v do_for_all
hotovo nacitani v do_for_all
jdu spustit subref v do_for_all
hotovo, jdu ukladat tamtez
hotovo ukladani, lezu z do_for_all
Num 15
nacitani v do_for_all
hotovo nacitani v do_for_all
jdu spustit subref v do_for_all
hotovo, jdu ukladat tamtez
hotovo ukladani, lezu z do_for_all
Num 16
nacitani v do_for_all
hotovo nacitani v do_for_all
jdu spustit subref v do_for_all
hotovo, jdu ukladat tamtez
hotovo ukladani, lezu z do_for_all
Num 17
nacitani v do_for_all
hotovo nacitani v do_for_all
jdu spustit subref v do_for_all
hotovo, jdu ukladat tamtez
hotovo ukladani, lezu z do_for_all
Num 18
nacitani v do_for_all
hotovo nacitani v do_for_all
jdu spustit subref v do_for_all
hotovo, jdu ukladat tamtez
hotovo ukladani, lezu z do_for_all
Num 19
nacitani v do_for_all
hotovo nacitani v do_for_all
jdu spustit subref v do_for_all
hotovo, jdu ukladat tamtez
hotovo ukladani, lezu z do_for_all
Num 20
nacitani v do_for_all
hotovo nacitani v do_for_all
jdu spustit subref v do_for_all
hotovo, jdu ukladat tamtez
hotovo ukladani, lezu z do_for_all
Num 21
nacitani v do_for_all
hotovo nacitani v do_for_all
jdu spustit subref v do_for_all
hotovo, jdu ukladat tamtez
hotovo ukladani, lezu z do_for_all
Num 22
nacitani v do_for_all
hotovo nacitani v do_for_all
jdu spustit subref v do_for_all
hotovo, jdu ukladat tamtez
hotovo ukladani, lezu z do_for_all
Num 23
nacitani v do_for_all
hotovo nacitani v do_for_all
jdu spustit subref v do_for_all
hotovo, jdu ukladat tamtez
hotovo ukladani, lezu z do_for_all
Num 24
nacitani v do_for_all
hotovo nacitani v do_for_all
jdu spustit subref v do_for_all
hotovo, jdu ukladat tamtez
hotovo ukladani, lezu z do_for_all
Num 25
nacitani v do_for_all
hotovo nacitani v do_for_all
jdu spustit subref v do_for_all
hotovo, jdu ukladat tamtez
hotovo ukladani, lezu z do_for_all
Num 26
nacitani v do_for_all
hotovo nacitani v do_for_all
jdu spustit subref v do_for_all
hotovo, jdu ukladat tamtez
hotovo ukladani, lezu z do_for_all
Num 27
nacitani v do_for_all
hotovo nacitani v do_for_all
jdu spustit subref v do_for_all
hotovo, jdu ukladat tamtez
hotovo ukladani, lezu z do_for_all
Num 28
nacitani v do_for_all
hotovo nacitani v do_for_all
jdu spustit subref v do_for_all
hotovo, jdu ukladat tamtez
hotovo ukladani, lezu z do_for_all
Num 29
nacitani v do_for_all
hotovo nacitani v do_for_all
jdu spustit subref v do_for_all
hotovo, jdu ukladat tamtez
hotovo ukladani, lezu z do_for_all
Num 30
nacitani v do_for_all
hotovo nacitani v do_for_all
jdu spustit subref v do_for_all
hotovo, jdu ukladat tamtez
hotovo ukladani, lezu z do_for_all
Num 31
nacitani v do_for_all
hotovo nacitani v do_for_all
jdu spustit subref v do_for_all
hotovo, jdu ukladat tamtez
hotovo ukladani, lezu z do_for_all
Num 32
nacitani v do_for_all
hotovo nacitani v do_for_all
jdu spustit subref v do_for_all
hotovo, jdu ukladat tamtez
hotovo ukladani, lezu z do_for_all
Num 33
nacitani v do_for_all
hotovo nacitani v do_for_all
jdu spustit subref v do_for_all
hotovo, jdu ukladat tamtez
hotovo ukladani, lezu z do_for_all
Num 34
nacitani v do_for_all
hotovo nacitani v do_for_all
jdu spustit subref v do_for_all
hotovo, jdu ukladat tamtez
hotovo ukladani, lezu z do_for_all
Num 35
nacitani v do_for_all
hotovo nacitani v do_for_all
jdu spustit subref v do_for_all
hotovo, jdu ukladat tamtez
hotovo ukladani, lezu z do_for_all
Num 36
nacitani v do_for_all
hotovo nacitani v do_for_all
jdu spustit subref v do_for_all
hotovo, jdu ukladat tamtez
hotovo ukladani, lezu z do_for_all
Num 37
nacitani v do_for_all
hotovo nacitani v do_for_all
jdu spustit subref v do_for_all
hotovo, jdu ukladat tamtez
hotovo ukladani, lezu z do_for_all
Num 38
nacitani v do_for_all
hotovo nacitani v do_for_all
jdu spustit subref v do_for_all
hotovo, jdu ukladat tamtez
hotovo ukladani, lezu z do_for_all
Num 39
nacitani v do_for_all
hotovo nacitani v do_for_all
jdu spustit subref v do_for_all
hotovo, jdu ukladat tamtez
hotovo ukladani, lezu z do_for_all
Num 40
nacitani v do_for_all
hotovo nacitani v do_for_all
jdu spustit subref v do_for_all
hotovo, jdu ukladat tamtez
hotovo ukladani, lezu z do_for_all
Num 41
nacitani v do_for_all
hotovo nacitani v do_for_all
jdu spustit subref v do_for_all
hotovo, jdu ukladat tamtez
hotovo ukladani, lezu z do_for_all
Num 42
nacitani v do_for_all
hotovo nacitani v do_for_all
jdu spustit subref v do_for_all
hotovo, jdu ukladat tamtez
hotovo ukladani, lezu z do_for_all
Num 43
nacitani v do_for_all
hotovo nacitani v do_for_all
jdu spustit subref v do_for_all
hotovo, jdu ukladat tamtez
hotovo ukladani, lezu z do_for_all
Num 44
nacitani v do_for_all
hotovo nacitani v do_for_all
jdu spustit subref v do_for_all
hotovo, jdu ukladat tamtez
hotovo ukladani, lezu z do_for_all
Num 45
nacitani v do_for_all
Perl exited with active threads:
	2 running and unjoined
	1 finished and unjoined
	0 running and detached
